# JRE version: Java(TM) SE Runtime Environment (7.0_79-b15) (build 1.7.0_79-b15)
# Java VM: Java HotSpot(TM) 64-Bit Server VM (24.79-b02 mixed mode windows-amd64 compressed oops)
Heap
 PSYoungGen      total 27136K, used 20583K [0x00000000eaa80000, 0x00000000ec680000, 0x0000000100000000)
  eden space 25600K, 74% used [0x00000000eaa80000,0x00000000ebd1c648,0x00000000ec380000)
  from space 1536K, 99% used [0x00000000ec380000,0x00000000ec4fd5b8,0x00000000ec500000)
  to   space 1536K, 0% used [0x00000000ec500000,0x00000000ec500000,0x00000000ec680000)
 ParOldGen       total 31744K, used 11753K [0x00000000c0000000, 0x00000000c1f00000, 0x00000000eaa80000)
  object space 31744K, 37% used [0x00000000c0000000,0x00000000c0b7a6b8,0x00000000c1f00000)
 PSPermGen       total 21504K, used 5958K [0x00000000bae00000, 0x00000000bc300000, 0x00000000c0000000)
  object space 21504K, 27% used [0x00000000bae00000,0x00000000bb3d1a88,0x00000000bc300000)
GC Heap History (4 events):
Event: 4.951 GC heap before
{Heap before GC invocations=1 (full 0):
 PSYoungGen      total 14336K, used 12800K [0x00000000eaa80000, 0x00000000eba00000, 0x0000000100000000)
  eden space 12800K, 100% used [0x00000000eaa80000,0x00000000eb700000,0x00000000eb700000)
  from space 1536K, 0% used [0x00000000eb880000,0x00000000eb880000,0x00000000eba00000)
  to   space 1536K, 0% used [0x00000000eb700000,0x00000000eb700000,0x00000000eb880000)
 ParOldGen       total 31744K, used 0K [0x00000000c0000000, 0x00000000c1f00000, 0x00000000eaa80000)
  object space 31744K, 0% used [0x00000000c0000000,0x00000000c0000000,0x00000000c1f00000)
 PSPermGen       total 21504K, used 3286K [0x00000000bae00000, 0x00000000bc300000, 0x00000000c0000000)
  object space 21504K, 15% used [0x00000000bae00000,0x00000000bb135928,0x00000000bc300000)
Event: 4.953 GC heap after
Heap after GC invocations=1 (full 0):
 PSYoungGen      total 14336K, used 813K [0x00000000eaa80000, 0x00000000eba00000, 0x0000000100000000)
  eden space 12800K, 0% used [0x00000000eaa80000,0x00000000eaa80000,0x00000000eb700000)
  from space 1536K, 52% used [0x00000000eb700000,0x00000000eb7cb630,0x00000000eb880000)
  to   space 1536K, 0% used [0x00000000eb880000,0x00000000eb880000,0x00000000eba00000)
 ParOldGen       total 31744K, used 8K [0x00000000c0000000, 0x00000000c1f00000, 0x00000000eaa80000)
  object space 31744K, 0% used [0x00000000c0000000,0x00000000c0002000,0x00000000c1f00000)
 PSPermGen       total 21504K, used 3286K [0x00000000bae00000, 0x00000000bc300000, 0x00000000c0000000)
  object space 21504K, 15% used [0x00000000bae00000,0x00000000bb135928,0x00000000bc300000)
}
Event: 8.520 GC heap before
{Heap before GC invocations=2 (full 0):
 PSYoungGen      total 14336K, used 13613K [0x00000000eaa80000, 0x00000000eba00000, 0x0000000100000000)
  eden space 12800K, 100% used [0x00000000eaa80000,0x00000000eb700000,0x00000000eb700000)
  from space 1536K, 52% used [0x00000000eb700000,0x00000000eb7cb630,0x00000000eb880000)
  to   space 1536K, 0% used [0x00000000eb880000,0x00000000eb880000,0x00000000eba00000)
 ParOldGen       total 31744K, used 8K [0x00000000c0000000, 0x00000000c1f00000, 0x00000000eaa80000)
  object space 31744K, 0% used [0x00000000c0000000,0x00000000c0002000,0x00000000c1f00000)
 PSPermGen       total 21504K, used 5641K [0x00000000bae00000, 0x00000000bc300000, 0x00000000c0000000)
  object space 21504K, 26% used [0x00000000bae00000,0x00000000bb382718,0x00000000bc300000)
Event: 8.671 GC heap after
Heap after GC invocations=2 (full 0):
 PSYoungGen      total 14336K, used 1527K [0x00000000eaa80000, 0x00000000eba00000, 0x0000000100000000)
  eden space 12800K, 0% used [0x00000000eaa80000,0x00000000eaa80000,0x00000000eb700000)
  from space 1536K, 99% used [0x00000000eb880000,0x00000000eb9fdc78,0x00000000eba00000)
  to   space 1536K, 0% used [0x00000000eb700000,0x00000000eb700000,0x00000000eb880000)
 ParOldGen       total 31744K, used 1927K [0x00000000c0000000, 0x00000000c1f00000, 0x00000000eaa80000)
  object space 31744K, 6% used [0x00000000c0000000,0x00000000c01e1ee8,0x00000000c1f00000)
 PSPermGen       total 21504K, used 5641K [0x00000000bae00000, 0x00000000bc300000, 0x00000000c0000000)
  object space 21504K, 26% used [0x00000000bae00000,0x00000000bb382718,0x00000000bc300000)
}

